<?xml version="1.0" encoding="UTF-8"?>
<!-- Generated by org.testng.reporters.JUnitXMLReporter -->
<testsuite hostname="xyz-PC" ignored="0" name="Test" tests="2" failures="1" timestamp="04 Dec 2020 06:02:03 GMT" time="89.062" errors="0">
  <testcase name="GoogleTitleVerify" time="88.814" classname="ListenersDemo.MyFirstTestCase"/>
  <testcase name="TitleMatch" time="0.026" classname="ListenersDemo.MyFirstTestCase">
    <failure type="java.lang.AssertionError" message="expected [true] but found [false]">
      <![CDATA[java.lang.AssertionError: expected [true] but found [false]
at ListenersDemo.MyFirstTestCase.TitleMatch(MyFirstTestCase.java:27)
... Removed 29 stack frames]]>
    </failure>
  </testcase> <!-- TitleMatch -->
</testsuite> <!-- Test -->
