<?xml version="1.0" encoding="UTF-8"?>
<testng-results skipped="0" failed="0" ignored="0" total="1" passed="1">
  <reporter-output>
  </reporter-output>
  <suite name="inetbankingV3" duration-ms="61139" started-at="2020-12-04T06:17:27Z" finished-at="2020-12-04T06:18:28Z">
    <groups>
    </groups>
    <test name="BankingApp Test" duration-ms="61139" started-at="2020-12-04T06:17:27Z" finished-at="2020-12-04T06:18:28Z">
      <class name="com.inetbanking.testCases.TC_LoginTest_001">
        <test-method status="PASS" signature="setup(java.lang.String)[pri:0, instance:com.inetbanking.testCases.TC_LoginTest_001@d80b78]" name="setup" is-config="true" duration-ms="50697" started-at="2020-12-04T06:17:27Z" finished-at="2020-12-04T06:18:17Z">
          <params>
            <param index="0">
              <value>
                <![CDATA[firefox]]>
              </value>
            </param>
          </params>
          <reporter-output>
          </reporter-output>
        </test-method> <!-- setup -->
        <test-method status="PASS" signature="loginTest()[pri:0, instance:com.inetbanking.testCases.TC_LoginTest_001@d80b78]" name="loginTest" duration-ms="6814" started-at="2020-12-04T06:18:17Z" finished-at="2020-12-04T06:18:24Z">
          <reporter-output>
          </reporter-output>
        </test-method> <!-- loginTest -->
        <test-method status="PASS" signature="tearDown()[pri:0, instance:com.inetbanking.testCases.TC_LoginTest_001@d80b78]" name="tearDown" is-config="true" duration-ms="3486" started-at="2020-12-04T06:18:24Z" finished-at="2020-12-04T06:18:28Z">
          <reporter-output>
          </reporter-output>
        </test-method> <!-- tearDown -->
      </class> <!-- com.inetbanking.testCases.TC_LoginTest_001 -->
    </test> <!-- BankingApp Test -->
  </suite> <!-- inetbankingV3 -->
</testng-results>
